{"C:\\Users\\longs\\vue_vuetify_parseserver\\src\\App.vue": {"path":"C:\\Users\\longs\\vue_vuetify_parseserver\\src\\App.vue","statementMap":{"0":{"start":{"line":25,"column":0},"end":{"line":25,"column":null}}},"fnMap":{"0":{"name":"(anonymous_0)","decl":{"start":{"line":25,"column":0},"end":{"line":25,"column":null}},"loc":{"start":{"line":25,"column":0},"end":{"line":25,"column":null}}},"1":{"name":"(anonymous_1)","decl":{"start":{"line":26,"column":0},"end":{"line":26,"column":null}},"loc":{"start":{"line":26,"column":0},"end":{"line":28,"column":null}}}},"branchMap":{},"s":{"0":1},"f":{"0":1,"1":1},"b":{}}
,"C:\\Users\\longs\\vue_vuetify_parseserver\\src\\main.js": {"path":"C:\\Users\\longs\\vue_vuetify_parseserver\\src\\main.js","statementMap":{"0":{"start":{"line":16,"column":0},"end":{"line":21,"column":17}},"1":{"start":{"line":20,"column":15},"end":{"line":20,"column":21}}},"fnMap":{"0":{"name":"(anonymous_0)","decl":{"start":{"line":20,"column":10},"end":{"line":20,"column":11}},"loc":{"start":{"line":20,"column":15},"end":{"line":20,"column":21}},"line":20}},"branchMap":{},"s":{"0":1,"1":1},"f":{"0":1},"b":{},"_coverageSchema":"1a1c01bbd47fc00a2c39e90264f33305004495a9","hash":"4874c9a8bf420fd5c453177937c1e93996345071"}
,"C:\\Users\\longs\\vue_vuetify_parseserver\\src\\api\\AxiosService.js": {"path":"C:\\Users\\longs\\vue_vuetify_parseserver\\src\\api\\AxiosService.js","statementMap":{"0":{"start":{"line":11,"column":19},"end":{"line":22,"column":2}},"1":{"start":{"line":29,"column":4},"end":{"line":29,"column":47}}},"fnMap":{"0":{"name":"(anonymous_0)","decl":{"start":{"line":28,"column":2},"end":{"line":28,"column":3}},"loc":{"start":{"line":28,"column":15},"end":{"line":30,"column":3}},"line":28}},"branchMap":{},"s":{"0":1,"1":0},"f":{"0":0},"b":{},"_coverageSchema":"1a1c01bbd47fc00a2c39e90264f33305004495a9","hash":"f3ea64a71296a82f06b0f1eb961fa24c28e12a46"}
,"C:\\Users\\longs\\vue_vuetify_parseserver\\src\\plugins\\vuetify.js": {"path":"C:\\Users\\longs\\vue_vuetify_parseserver\\src\\plugins\\vuetify.js","statementMap":{"0":{"start":{"line":14,"column":0},"end":{"line":14,"column":17}}},"fnMap":{},"branchMap":{},"s":{"0":1},"f":{},"b":{},"_coverageSchema":"1a1c01bbd47fc00a2c39e90264f33305004495a9","hash":"35a7257ee5289928d8326193a236a0e1d88ed7ae"}
,"C:\\Users\\longs\\vue_vuetify_parseserver\\src\\router\\index.js": {"path":"C:\\Users\\longs\\vue_vuetify_parseserver\\src\\router\\index.js","statementMap":{"0":{"start":{"line":14,"column":0},"end":{"line":14,"column":18}},"1":{"start":{"line":16,"column":15},"end":{"line":29,"column":1}},"2":{"start":{"line":27,"column":21},"end":{"line":27,"column":89}},"3":{"start":{"line":31,"column":15},"end":{"line":35,"column":2}},"4":{"start":{"line":37,"column":0},"end":{"line":44,"column":2}},"5":{"start":{"line":38,"column":19},"end":{"line":38,"column":53}},"6":{"start":{"line":40,"column":2},"end":{"line":42,"column":3}},"7":{"start":{"line":40,"column":32},"end":{"line":40,"column":56}},"8":{"start":{"line":41,"column":4},"end":{"line":41,"column":13}},"9":{"start":{"line":43,"column":2},"end":{"line":43,"column":8}}},"fnMap":{"0":{"name":"(anonymous_0)","decl":{"start":{"line":27,"column":15},"end":{"line":27,"column":16}},"loc":{"start":{"line":27,"column":21},"end":{"line":27,"column":89}},"line":27},"1":{"name":"(anonymous_1)","decl":{"start":{"line":37,"column":18},"end":{"line":37,"column":19}},"loc":{"start":{"line":37,"column":38},"end":{"line":44,"column":1}},"line":37},"2":{"name":"(anonymous_2)","decl":{"start":{"line":40,"column":22},"end":{"line":40,"column":23}},"loc":{"start":{"line":40,"column":32},"end":{"line":40,"column":56}},"line":40}},"branchMap":{"0":{"loc":{"start":{"line":40,"column":2},"end":{"line":42,"column":3}},"type":"if","locations":[{"start":{"line":40,"column":2},"end":{"line":42,"column":3}},{"start":{"line":40,"column":2},"end":{"line":42,"column":3}}],"line":40},"1":{"loc":{"start":{"line":40,"column":6},"end":{"line":40,"column":70}},"type":"binary-expr","locations":[{"start":{"line":40,"column":6},"end":{"line":40,"column":57}},{"start":{"line":40,"column":61},"end":{"line":40,"column":70}}],"line":40}},"s":{"0":1,"1":1,"2":1,"3":1,"4":1,"5":2,"6":2,"7":2,"8":0,"9":2},"f":{"0":1,"1":2,"2":2},"b":{"0":[0,2],"1":[2,0]},"_coverageSchema":"1a1c01bbd47fc00a2c39e90264f33305004495a9","hash":"29cba284343de684e9d107e1e214ae5624f98f8c"}
,"C:\\Users\\longs\\vue_vuetify_parseserver\\src\\store\\actions.js": {"path":"C:\\Users\\longs\\vue_vuetify_parseserver\\src\\store\\actions.js","statementMap":{"0":{"start":{"line":11,"column":16},"end":{"line":16,"column":1}},"1":{"start":{"line":14,"column":6},"end":{"line":14,"column":50}}},"fnMap":{"0":{"name":"(anonymous_0)","decl":{"start":{"line":13,"column":4},"end":{"line":13,"column":5}},"loc":{"start":{"line":13,"column":48},"end":{"line":15,"column":5}},"line":13}},"branchMap":{},"s":{"0":1,"1":0},"f":{"0":0},"b":{},"_coverageSchema":"1a1c01bbd47fc00a2c39e90264f33305004495a9","hash":"38ee793f78b5fe0b954ca087e7b77f0fe1e46465"}
,"C:\\Users\\longs\\vue_vuetify_parseserver\\src\\store\\index.js": {"path":"C:\\Users\\longs\\vue_vuetify_parseserver\\src\\store\\index.js","statementMap":{"0":{"start":{"line":15,"column":0},"end":{"line":15,"column":13}},"1":{"start":{"line":17,"column":14},"end":{"line":19,"column":1}},"2":{"start":{"line":20,"column":14},"end":{"line":26,"column":2}}},"fnMap":{},"branchMap":{},"s":{"0":1,"1":1,"2":1},"f":{},"b":{},"_coverageSchema":"1a1c01bbd47fc00a2c39e90264f33305004495a9","hash":"32bd3451e3ff9df73fa117c3bd2a3ec3784611c7"}
,"C:\\Users\\longs\\vue_vuetify_parseserver\\src\\store\\mutation_types.js": {"path":"C:\\Users\\longs\\vue_vuetify_parseserver\\src\\store\\mutation_types.js","statementMap":{"0":{"start":{"line":10,"column":21},"end":{"line":12,"column":1}}},"fnMap":{},"branchMap":{},"s":{"0":1},"f":{},"b":{},"_coverageSchema":"1a1c01bbd47fc00a2c39e90264f33305004495a9","hash":"0f8cf8bfad8892a6f7925a925efa4e3438b1bff5"}
,"C:\\Users\\longs\\vue_vuetify_parseserver\\src\\store\\mutations.js": {"path":"C:\\Users\\longs\\vue_vuetify_parseserver\\src\\store\\mutations.js","statementMap":{"0":{"start":{"line":13,"column":18},"end":{"line":21,"column":1}},"1":{"start":{"line":16,"column":6},"end":{"line":16,"column":36}},"2":{"start":{"line":17,"column":6},"end":{"line":17,"column":55}},"3":{"start":{"line":18,"column":6},"end":{"line":18,"column":74}}},"fnMap":{"0":{"name":"(anonymous_0)","decl":{"start":{"line":15,"column":4},"end":{"line":15,"column":5}},"loc":{"start":{"line":15,"column":48},"end":{"line":19,"column":5}},"line":15}},"branchMap":{},"s":{"0":1,"1":0,"2":0,"3":0},"f":{"0":0},"b":{},"_coverageSchema":"1a1c01bbd47fc00a2c39e90264f33305004495a9","hash":"6cad1b527168d2029f564b4100713161ea43d753"}
,"C:\\Users\\longs\\vue_vuetify_parseserver\\src\\views\\Login.vue": {"path":"C:\\Users\\longs\\vue_vuetify_parseserver\\src\\views\\Login.vue","statementMap":{},"fnMap":{"0":{"name":"(anonymous_0)","decl":{"start":{"line":63,"column":0},"end":{"line":63,"column":null}},"loc":{"start":{"line":63,"column":0},"end":{"line":78,"column":null}}},"1":{"name":"(anonymous_1)","decl":{"start":{"line":80,"column":0},"end":{"line":80,"column":null}},"loc":{"start":{"line":80,"column":0},"end":{"line":90,"column":null}}}},"branchMap":{},"s":{},"f":{"0":0,"1":0},"b":{}}
,"C:\\Users\\longs\\vue_vuetify_parseserver\\src\\views\\login\\SignUp.vue": {"path":"C:\\Users\\longs\\vue_vuetify_parseserver\\src\\views\\login\\SignUp.vue","statementMap":{"0":{"start":{"line":128,"column":0},"end":{"line":132,"column":null}},"1":{"start":{"line":136,"column":0},"end":{"line":136,"column":null}},"2":{"start":{"line":137,"column":0},"end":{"line":137,"column":null}},"3":{"start":{"line":138,"column":0},"end":{"line":138,"column":null}},"4":{"start":{"line":141,"column":0},"end":{"line":141,"column":null}},"5":{"start":{"line":142,"column":0},"end":{"line":142,"column":null}},"6":{"start":{"line":143,"column":0},"end":{"line":143,"column":null}}},"fnMap":{"0":{"name":"(anonymous_0)","decl":{"start":{"line":127,"column":0},"end":{"line":127,"column":null}},"loc":{"start":{"line":127,"column":0},"end":{"line":133,"column":null}}},"1":{"name":"(anonymous_1)","decl":{"start":{"line":135,"column":0},"end":{"line":135,"column":null}},"loc":{"start":{"line":135,"column":0},"end":{"line":139,"column":null}}},"2":{"name":"(anonymous_2)","decl":{"start":{"line":140,"column":0},"end":{"line":140,"column":null}},"loc":{"start":{"line":140,"column":0},"end":{"line":144,"column":null}}}},"branchMap":{},"s":{"0":1,"1":0,"2":0,"3":0,"4":0,"5":0,"6":0},"f":{"0":1,"1":0,"2":0},"b":{}}
}
